This file contains any messages produced by compilers while
running configure, to aid debugging if configure makes a mistake.

It was created by voom configure 1.0, which was
generated by GNU Autoconf 2.63.  Invocation command line was

  $ ./configure CXX=g++ CC=gcc F77=/usr/bin/gfortran CXXFLAGS=-g -ggdb CCFLAGS=-g -ggdb FFLAGS=-g -ggdb --with-blitz-root=/usr/local/blitz-0.9 --with-tvmet-root=/usr/local/tvmet-1.7.2

## --------- ##
## Platform. ##
## --------- ##

hostname = Andrew-Missels-MacBook-Pro.local
uname -m = i386
uname -r = 10.4.0
uname -s = Darwin
uname -v = Darwin Kernel Version 10.4.0: Fri Apr 23 18:28:53 PDT 2010; root:xnu-1504.7.4~1/RELEASE_I386

/usr/bin/uname -p = i386
/bin/uname -X     = unknown

/bin/arch              = unknown
/usr/bin/arch -k       = unknown
/usr/convex/getsysinfo = unknown
/usr/bin/hostinfo      = Mach kernel version:
	 Darwin Kernel Version 10.4.0: Fri Apr 23 18:28:53 PDT 2010; root:xnu-1504.7.4~1/RELEASE_I386
Kernel configured for up to 2 processors.
2 processors are physically available.
2 processors are logically available.
Processor type: i486 (Intel 80486)
Processors active: 0 1
Primary memory available: 4.00 gigabytes
Default processor set: 75 tasks, 390 threads, 2 processors
Load average: 0.70, Mach factor: 1.28
/bin/machine           = unknown
/usr/bin/oslevel       = unknown
/bin/universe          = unknown

PATH: /sw/bin
PATH: /sw/sbin
PATH: /usr/bin
PATH: /bin
PATH: /usr/sbin
PATH: /sbin
PATH: /usr/local/bin
PATH: /usr/texbin
PATH: /usr/X11/bin
PATH: /usr/X11R6/bin


## ----------- ##
## Core tests. ##
## ----------- ##

configure:1857: checking for a BSD-compatible install
configure:1925: result: /usr/bin/install -c
configure:1936: checking whether build environment is sane
configure:1979: result: yes
configure:2041: checking for gawk
configure:2057: found /sw/bin/gawk
configure:2068: result: gawk
configure:2079: checking whether make sets $(MAKE)
configure:2101: result: yes
configure:2329: checking for ranlib
configure:2345: found /usr/bin/ranlib
configure:2356: result: ranlib
configure:2428: checking for gcc
configure:2455: result: gcc
configure:2687: checking for C compiler version
configure:2695: gcc --version >&5
i686-apple-darwin10-gcc-4.2.1 (GCC) 4.2.1 (Apple Inc. build 5664)
Copyright (C) 2007 Free Software Foundation, Inc.
This is free software; see the source for copying conditions.  There is NO
warranty; not even for MERCHANTABILITY or FITNESS FOR A PARTICULAR PURPOSE.

configure:2699: $? = 0
configure:2706: gcc -v >&5
Using built-in specs.
Target: i686-apple-darwin10
Configured with: /var/tmp/gcc/gcc-5664~105/src/configure --disable-checking --enable-werror --prefix=/usr --mandir=/share/man --enable-languages=c,objc,c++,obj-c++ --program-transform-name=/^[cg][^.-]*$/s/$/-4.2/ --with-slibdir=/usr/lib --build=i686-apple-darwin10 --program-prefix=i686-apple-darwin10- --host=x86_64-apple-darwin10 --target=i686-apple-darwin10 --with-gxx-include-dir=/include/c++/4.2.1
Thread model: posix
gcc version 4.2.1 (Apple Inc. build 5664)
configure:2710: $? = 0
configure:2717: gcc -V >&5
gcc-4.2: argument to `-V' is missing
configure:2721: $? = 1
configure:2744: checking for C compiler default output file name
configure:2766: gcc    conftest.c  >&5
configure:2770: $? = 0
configure:2808: result: a.out
configure:2827: checking whether the C compiler works
configure:2837: ./a.out
configure:2841: $? = 0
configure:2860: result: yes
configure:2867: checking whether we are cross compiling
configure:2869: result: no
configure:2872: checking for suffix of executables
configure:2879: gcc -o conftest    conftest.c  >&5
configure:2883: $? = 0
configure:2909: result: 
configure:2915: checking for suffix of object files
configure:2941: gcc -c   conftest.c >&5
configure:2945: $? = 0
configure:2970: result: o
configure:2974: checking whether we are using the GNU C compiler
configure:3003: gcc -c   conftest.c >&5
configure:3010: $? = 0
configure:3027: result: yes
configure:3036: checking whether gcc accepts -g
configure:3066: gcc -c -g  conftest.c >&5
configure:3073: $? = 0
configure:3174: result: yes
configure:3191: checking for gcc option to accept ISO C89
configure:3265: gcc  -c -g -O2  conftest.c >&5
configure:3272: $? = 0
configure:3295: result: none needed
configure:3324: checking for style of include used by make
configure:3352: result: GNU
configure:3380: checking dependency style of gcc
configure:3470: result: gcc3
configure:3601: checking for C++ compiler version
configure:3609: g++ --version >&5
i686-apple-darwin10-g++-4.2.1 (GCC) 4.2.1 (Apple Inc. build 5664)
Copyright (C) 2007 Free Software Foundation, Inc.
This is free software; see the source for copying conditions.  There is NO
warranty; not even for MERCHANTABILITY or FITNESS FOR A PARTICULAR PURPOSE.

configure:3613: $? = 0
configure:3620: g++ -v >&5
Using built-in specs.
Target: i686-apple-darwin10
Configured with: /var/tmp/gcc/gcc-5664~105/src/configure --disable-checking --enable-werror --prefix=/usr --mandir=/share/man --enable-languages=c,objc,c++,obj-c++ --program-transform-name=/^[cg][^.-]*$/s/$/-4.2/ --with-slibdir=/usr/lib --build=i686-apple-darwin10 --program-prefix=i686-apple-darwin10- --host=x86_64-apple-darwin10 --target=i686-apple-darwin10 --with-gxx-include-dir=/include/c++/4.2.1
Thread model: posix
gcc version 4.2.1 (Apple Inc. build 5664)
configure:3624: $? = 0
configure:3631: g++ -V >&5
g++-4.2: argument to `-V' is missing
configure:3635: $? = 1
configure:3638: checking whether we are using the GNU C++ compiler
configure:3667: g++ -c -g -ggdb  conftest.cpp >&5
configure:3674: $? = 0
configure:3691: result: yes
configure:3700: checking whether g++ accepts -g
configure:3730: g++ -c -g  conftest.cpp >&5
configure:3737: $? = 0
configure:3838: result: yes
configure:3863: checking dependency style of g++
configure:3953: result: gcc3
configure:4086: checking for Fortran 77 compiler version
configure:4094: /usr/bin/gfortran --version >&5
GNU Fortran (GCC) 4.2.1 (Apple Inc. build 5664)
Copyright (C) 2007 Free Software Foundation, Inc.

GNU Fortran comes with NO WARRANTY, to the extent permitted by law.
You may redistribute copies of GNU Fortran
under the terms of the GNU General Public License.
For more information about these matters, see the file named COPYING

configure:4098: $? = 0
configure:4105: /usr/bin/gfortran -v >&5
Using built-in specs.
Target: i686-apple-darwin10
Configured with: /Builds/apple/gcc-5664/build/obj/src/configure --disable-checking --prefix=/usr --mandir=/share/man --enable-languages=c,objc,c++,obj-c++,fortran --program-transform-name=/^[cg][^.-]*$/s/$/-4.2/ --with-slibdir=/usr/lib --build=i686-apple-darwin10 --program-prefix=i686-apple-darwin10- --host=x86_64-apple-darwin10 --target=i686-apple-darwin10 --with-gxx-include-dir=/include/c++/4.2.1
Thread model: posix
gcc version 4.2.1 (Apple Inc. build 5664)
configure:4109: $? = 0
configure:4116: /usr/bin/gfortran -V >&5
gfortran-4.2: argument to `-V' is missing
configure:4120: $? = 1
configure:4128: checking whether we are using the GNU Fortran 77 compiler
configure:4147: /usr/bin/gfortran -c -g -ggdb conftest.F >&5
configure:4154: $? = 0
configure:4171: result: yes
configure:4177: checking whether /usr/bin/gfortran accepts -g
configure:4194: /usr/bin/gfortran -c -g conftest.f >&5
configure:4201: $? = 0
configure:4217: result: yes
configure:4273: checking whether the Blitz library is installed
configure:4292: g++ -o conftest -g -ggdb -I/usr/local/blitz-0.9/include -L/usr/local/blitz-0.9/lib conftest.cc -lblitz 1>&5
configure:4295: $? = 0
configure:4297: result: yes
configure:4350: checking whether the tvmet library is installed
configure:4385: g++ -o conftest -g -ggdb -I/usr/local/tvmet-1.7.2/include conftest.cc 1>&5
configure:4388: $? = 0
configure:4390: result: yes
configure:4550: creating ./config.status

## ---------------------- ##
## Running config.status. ##
## ---------------------- ##

This file was extended by voom config.status 1.0, which was
generated by GNU Autoconf 2.63.  Invocation command line was

  CONFIG_FILES    = 
  CONFIG_HEADERS  = 
  CONFIG_LINKS    = 
  CONFIG_COMMANDS = 
  $ ./config.status 

on Andrew-Missels-MacBook-Pro.local

config.status:780: creating Makefile
config.status:780: creating src/Makefile
config.status:780: creating src/Elements/Makefile
config.status:780: creating src/Solvers/Makefile
config.status:780: creating src/Model/Makefile
config.status:780: creating src/Geometry/Makefile
config.status:780: creating src/Materials/Makefile
config.status:780: creating src/Shape/Makefile
config.status:780: creating src/Quadrature/Makefile
config.status:780: creating src/VoomMath/Makefile
config.status:780: creating src/Mesh/Makefile
config.status:780: creating src/Atom/Makefile
config.status:780: creating src/Macromolecule/Makefile
config.status:780: creating src/config.h
config.status:996: src/config.h is unchanged
config.status:1047: executing depfiles commands

## ---------------- ##
## Cache variables. ##
## ---------------- ##

ac_cv_c_compiler_gnu=yes
ac_cv_cxx_compiler_gnu=yes
ac_cv_env_CCC_set=
ac_cv_env_CCC_value=
ac_cv_env_CC_set=set
ac_cv_env_CC_value=gcc
ac_cv_env_CFLAGS_set=
ac_cv_env_CFLAGS_value=
ac_cv_env_CPPFLAGS_set=
ac_cv_env_CPPFLAGS_value=
ac_cv_env_CXXFLAGS_set=set
ac_cv_env_CXXFLAGS_value='-g -ggdb'
ac_cv_env_CXX_set=set
ac_cv_env_CXX_value=g++
ac_cv_env_F77_set=set
ac_cv_env_F77_value=/usr/bin/gfortran
ac_cv_env_FFLAGS_set=set
ac_cv_env_FFLAGS_value='-g -ggdb'
ac_cv_env_LDFLAGS_set=
ac_cv_env_LDFLAGS_value=
ac_cv_env_LIBS_set=
ac_cv_env_LIBS_value=
ac_cv_env_build_alias_set=
ac_cv_env_build_alias_value=
ac_cv_env_host_alias_set=
ac_cv_env_host_alias_value=
ac_cv_env_target_alias_set=
ac_cv_env_target_alias_value=
ac_cv_f77_compiler_gnu=yes
ac_cv_objext=o
ac_cv_path_INTLTOOL_PERL=/usr/bin/perl
ac_cv_path_install='/usr/bin/install -c'
ac_cv_prog_AWK=gawk
ac_cv_prog_ac_ct_CC=gcc
ac_cv_prog_ac_ct_RANLIB=ranlib
ac_cv_prog_cc_c89=
ac_cv_prog_cc_g=yes
ac_cv_prog_cxx_g=yes
ac_cv_prog_f77_g=yes
ac_cv_prog_make_make_set=yes
am_cv_CC_dependencies_compiler_type=gcc3
am_cv_CXX_dependencies_compiler_type=gcc3

## ----------------- ##
## Output variables. ##
## ----------------- ##

ACLOCAL='${SHELL} /Users/armissel/Simulations/ActinNetwork/voom/missing --run aclocal-1.9'
AMDEPBACKSLASH='\'
AMDEP_FALSE='#'
AMDEP_TRUE=''
AMTAR='${SHELL} /Users/armissel/Simulations/ActinNetwork/voom/missing --run tar'
AUTOCONF='${SHELL} /Users/armissel/Simulations/ActinNetwork/voom/missing --run autoconf'
AUTOHEADER='${SHELL} /Users/armissel/Simulations/ActinNetwork/voom/missing --run autoheader'
AUTOMAKE='${SHELL} /Users/armissel/Simulations/ActinNetwork/voom/missing --run automake-1.9'
AWK='gawk'
CC='gcc'
CCDEPMODE='depmode=gcc3'
CFLAGS='-g -O2'
CPPFLAGS=''
CXX='g++'
CXXDEPMODE='depmode=gcc3'
CXXFLAGS='-g -ggdb'
CYGPATH_W='echo'
DEFS='-DHAVE_CONFIG_H'
DEPDIR='.deps'
ECHO_C='\c'
ECHO_N=''
ECHO_T=''
EXEEXT=''
F77='/usr/bin/gfortran'
FFLAGS='-g -ggdb'
INSTALL_DATA='${INSTALL} -m 644'
INSTALL_PROGRAM='${INSTALL}'
INSTALL_SCRIPT='${INSTALL}'
INSTALL_STRIP_PROGRAM='${SHELL} $(install_sh) -c -s'
LDFLAGS=''
LIBOBJS=''
LIBS=''
LTLIBOBJS=''
MAKEINFO='${SHELL} /Users/armissel/Simulations/ActinNetwork/voom/missing --run makeinfo'
OBJEXT='o'
PACKAGE='voom'
PACKAGE_BUGREPORT='klug@ucla.edu'
PACKAGE_NAME='voom'
PACKAGE_STRING='voom 1.0'
PACKAGE_TARNAME='voom'
PACKAGE_VERSION='1.0'
PATH_SEPARATOR=':'
RANLIB='ranlib'
SET_MAKE=''
SHELL='/bin/sh'
STRIP=''
VERSION='1.0'
ac_ct_CC='gcc'
ac_ct_CXX=''
ac_ct_F77=''
am__fastdepCC_FALSE='#'
am__fastdepCC_TRUE=''
am__fastdepCXX_FALSE='#'
am__fastdepCXX_TRUE=''
am__include='include'
am__leading_dot='.'
am__quote=''
am__tar='${AMTAR} chof - "$$tardir"'
am__untar='${AMTAR} xf -'
bindir='${exec_prefix}/bin'
blitz_includes='/usr/local/blitz-0.9/include'
blitz_libraries='/usr/local/blitz-0.9/lib'
build_alias=''
datadir='${datarootdir}'
datarootdir='${prefix}/share'
docdir='${datarootdir}/doc/${PACKAGE_TARNAME}'
dvidir='${docdir}'
exec_prefix='${prefix}'
host_alias=''
htmldir='${docdir}'
includedir='${prefix}/include'
infodir='${datarootdir}/info'
install_sh='/Users/armissel/Simulations/ActinNetwork/voom/install-sh'
libdir='${exec_prefix}/lib'
libexecdir='${exec_prefix}/libexec'
localedir='${datarootdir}/locale'
localstatedir='${prefix}/var'
mandir='${datarootdir}/man'
mkdir_p='$(install_sh) -d'
oldincludedir='/usr/include'
pdfdir='${docdir}'
prefix='/usr/local'
program_transform_name='s,x,x,'
psdir='${docdir}'
sbindir='${exec_prefix}/sbin'
sharedstatedir='${prefix}/com'
sysconfdir='${prefix}/etc'
target_alias=''
tvmet_includes='/usr/local/tvmet-1.7.2/include'

## ----------- ##
## confdefs.h. ##
## ----------- ##

#define PACKAGE_NAME "voom"
#define PACKAGE_TARNAME "voom"
#define PACKAGE_VERSION "1.0"
#define PACKAGE_STRING "voom 1.0"
#define PACKAGE_BUGREPORT "klug@ucla.edu"
#define PACKAGE "voom"
#define VERSION "1.0"
#define HAVE_BLITZ 1
#define HAVE_TVMET 1

configure: exit 0
