This file contains any messages produced by compilers while
running configure, to aid debugging if configure makes a mistake.

It was created by FULL-PACKAGE-NAME configure VERSION, which was
generated by GNU Autoconf 2.63.  Invocation command line was

  $ ./configure 

## --------- ##
## Platform. ##
## --------- ##

hostname = Andrew-Missels-MacBook-Pro.local
uname -m = i386
uname -r = 10.8.0
uname -s = Darwin
uname -v = Darwin Kernel Version 10.8.0: Tue Jun  7 16:33:36 PDT 2011; root:xnu-1504.15.3~1/RELEASE_I386

/usr/bin/uname -p = i386
/bin/uname -X     = unknown

/bin/arch              = unknown
/usr/bin/arch -k       = unknown
/usr/convex/getsysinfo = unknown
/usr/bin/hostinfo      = Mach kernel version:
	 Darwin Kernel Version 10.8.0: Tue Jun  7 16:33:36 PDT 2011; root:xnu-1504.15.3~1/RELEASE_I386
Kernel configured for up to 2 processors.
2 processors are physically available.
2 processors are logically available.
Processor type: i486 (Intel 80486)
Processors active: 0 1
Primary memory available: 4.00 gigabytes
Default processor set: 68 tasks, 340 threads, 2 processors
Load average: 0.19, Mach factor: 1.80
/bin/machine           = unknown
/usr/bin/oslevel       = unknown
/bin/universe          = unknown

PATH: /sw/bin
PATH: /sw/sbin
PATH: /usr/bin
PATH: /bin
PATH: /usr/sbin
PATH: /sbin
PATH: /usr/local/bin
PATH: /usr/texbin
PATH: /usr/X11/bin
PATH: /usr/X11R6/bin


## ----------- ##
## Core tests. ##
## ----------- ##

configure:1863: checking for a BSD-compatible install
configure:1931: result: /usr/bin/install -c
configure:1942: checking whether build environment is sane
configure:1985: result: yes
configure:2047: checking for gawk
configure:2063: found /sw/bin/gawk
configure:2074: result: gawk
configure:2085: checking whether make sets $(MAKE)
configure:2107: result: yes
configure:2339: checking for gcc
configure:2355: found /usr/bin/gcc
configure:2366: result: gcc
configure:2598: checking for C compiler version
configure:2606: gcc --version >&5
i686-apple-darwin10-gcc-4.2.1 (GCC) 4.2.1 (Apple Inc. build 5666) (dot 3)
Copyright (C) 2007 Free Software Foundation, Inc.
This is free software; see the source for copying conditions.  There is NO
warranty; not even for MERCHANTABILITY or FITNESS FOR A PARTICULAR PURPOSE.

configure:2610: $? = 0
configure:2617: gcc -v >&5
Using built-in specs.
Target: i686-apple-darwin10
Configured with: /var/tmp/gcc/gcc-5666.3~6/src/configure --disable-checking --enable-werror --prefix=/usr --mandir=/share/man --enable-languages=c,objc,c++,obj-c++ --program-transform-name=/^[cg][^.-]*$/s/$/-4.2/ --with-slibdir=/usr/lib --build=i686-apple-darwin10 --program-prefix=i686-apple-darwin10- --host=x86_64-apple-darwin10 --target=i686-apple-darwin10 --with-gxx-include-dir=/include/c++/4.2.1
Thread model: posix
gcc version 4.2.1 (Apple Inc. build 5666) (dot 3)
configure:2621: $? = 0
configure:2628: gcc -V >&5
gcc-4.2: argument to `-V' is missing
configure:2632: $? = 1
configure:2655: checking for C compiler default output file name
configure:2677: gcc    conftest.c  >&5
configure:2681: $? = 0
configure:2719: result: a.out
configure:2738: checking whether the C compiler works
configure:2748: ./a.out
configure:2752: $? = 0
configure:2771: result: yes
configure:2778: checking whether we are cross compiling
configure:2780: result: no
configure:2783: checking for suffix of executables
configure:2790: gcc -o conftest    conftest.c  >&5
configure:2794: $? = 0
configure:2820: result: 
configure:2826: checking for suffix of object files
configure:2852: gcc -c   conftest.c >&5
configure:2856: $? = 0
configure:2881: result: o
configure:2885: checking whether we are using the GNU C compiler
configure:2914: gcc -c   conftest.c >&5
configure:2921: $? = 0
configure:2938: result: yes
configure:2947: checking whether gcc accepts -g
configure:2977: gcc -c -g  conftest.c >&5
configure:2984: $? = 0
configure:3085: result: yes
configure:3102: checking for gcc option to accept ISO C89
configure:3176: gcc  -c -g -O2  conftest.c >&5
configure:3183: $? = 0
configure:3206: result: none needed
configure:3235: checking for style of include used by make
configure:3263: result: GNU
configure:3291: checking dependency style of gcc
configure:3381: result: gcc3
configure:3456: checking for g++
configure:3472: found /usr/bin/g++
configure:3483: result: g++
configure:3510: checking for C++ compiler version
configure:3518: g++ --version >&5
i686-apple-darwin10-g++-4.2.1 (GCC) 4.2.1 (Apple Inc. build 5666) (dot 3)
Copyright (C) 2007 Free Software Foundation, Inc.
This is free software; see the source for copying conditions.  There is NO
warranty; not even for MERCHANTABILITY or FITNESS FOR A PARTICULAR PURPOSE.

configure:3522: $? = 0
configure:3529: g++ -v >&5
Using built-in specs.
Target: i686-apple-darwin10
Configured with: /var/tmp/gcc/gcc-5666.3~6/src/configure --disable-checking --enable-werror --prefix=/usr --mandir=/share/man --enable-languages=c,objc,c++,obj-c++ --program-transform-name=/^[cg][^.-]*$/s/$/-4.2/ --with-slibdir=/usr/lib --build=i686-apple-darwin10 --program-prefix=i686-apple-darwin10- --host=x86_64-apple-darwin10 --target=i686-apple-darwin10 --with-gxx-include-dir=/include/c++/4.2.1
Thread model: posix
gcc version 4.2.1 (Apple Inc. build 5666) (dot 3)
configure:3533: $? = 0
configure:3540: g++ -V >&5
g++-4.2: argument to `-V' is missing
configure:3544: $? = 1
configure:3547: checking whether we are using the GNU C++ compiler
configure:3576: g++ -c   conftest.cpp >&5
configure:3583: $? = 0
configure:3600: result: yes
configure:3609: checking whether g++ accepts -g
configure:3639: g++ -c -g  conftest.cpp >&5
configure:3646: $? = 0
configure:3747: result: yes
configure:3772: checking dependency style of g++
configure:3862: result: gcc3
configure:3932: checking for g77
configure:3962: result: no
configure:3932: checking for xlf
configure:3962: result: no
configure:3932: checking for f77
configure:3962: result: no
configure:3932: checking for frt
configure:3962: result: no
configure:3932: checking for pgf77
configure:3962: result: no
configure:3932: checking for cf77
configure:3962: result: no
configure:3932: checking for fort77
configure:3962: result: no
configure:3932: checking for fl32
configure:3962: result: no
configure:3932: checking for af77
configure:3962: result: no
configure:3932: checking for xlf90
configure:3962: result: no
configure:3932: checking for f90
configure:3962: result: no
configure:3932: checking for pgf90
configure:3962: result: no
configure:3932: checking for pghpf
configure:3962: result: no
configure:3932: checking for epcf90
configure:3962: result: no
configure:3932: checking for gfortran
configure:3948: found /sw/bin/gfortran
configure:3959: result: gfortran
configure:3985: checking for Fortran 77 compiler version
configure:3993: gfortran --version >&5
GNU Fortran (GCC) 4.4.1
Copyright (C) 2009 Free Software Foundation, Inc.

GNU Fortran comes with NO WARRANTY, to the extent permitted by law.
You may redistribute copies of GNU Fortran
under the terms of the GNU General Public License.
For more information about these matters, see the file named COPYING

configure:3997: $? = 0
configure:4004: gfortran -v >&5
Using built-in specs.
Target: i686-apple-darwin10
Configured with: ../gcc-4.4.1/configure --prefix=/sw --prefix=/sw/lib/gcc4.4 --mandir=/sw/share/man --infodir=/sw/share/info --enable-languages=c,c++,fortran,objc,java --with-gmp=/sw --with-libiconv-prefix=/sw --with-ppl=/sw --with-cloog=/sw --with-system-zlib --x-includes=/usr/X11R6/include --x-libraries=/usr/X11R6/lib --disable-libjava-multilib --with-arch=nocona --with-tune=generic --build=i686-apple-darwin10 --host=i686-apple-darwin10 --target=i686-apple-darwin10
Thread model: posix
gcc version 4.4.1 (GCC) 
configure:4008: $? = 0
configure:4015: gfortran -V >&5
gfortran: '-V' option must have argument
configure:4019: $? = 1
configure:4027: checking whether we are using the GNU Fortran 77 compiler
configure:4046: gfortran -c  conftest.F >&5
configure:4053: $? = 0
configure:4070: result: yes
configure:4076: checking whether gfortran accepts -g
configure:4093: gfortran -c -g conftest.f >&5
configure:4100: $? = 0
configure:4116: result: yes
configure:4188: checking for ranlib
configure:4204: found /usr/bin/ranlib
configure:4215: result: ranlib
configure:4265: checking whether the Blitz library is installed
configure:4284: g++ -o conftest -g -O2 -I/home/software/blitz-gcc/include -L/home/software/blitz-gcc/lib conftest.cc -lblitz 1>&5
ld: warning: directory '/home/software/blitz-gcc/lib' following -L not found
configure:4287: $? = 0
configure:4289: result: yes
configure:4342: checking whether the tvmet library is installed
configure:4377: g++ -o conftest -g -O2 -I/home/software/tvmet-gcc/include conftest.cc 1>&5
configure:4380: $? = 0
configure:4382: result: yes
configure:4416: checking how to run the C preprocessor
configure:4456: gcc -E  conftest.c
configure:4463: $? = 0
configure:4494: gcc -E  conftest.c
conftest.c:12:28: error: ac_nonexistent.h: No such file or directory
configure:4501: $? = 1
configure: failed program was:
| /* confdefs.h.  */
| #define PACKAGE_NAME "FULL-PACKAGE-NAME"
| #define PACKAGE_TARNAME "full-package-name"
| #define PACKAGE_VERSION "VERSION"
| #define PACKAGE_STRING "FULL-PACKAGE-NAME VERSION"
| #define PACKAGE_BUGREPORT "BUG-REPORT-ADDRESS"
| #define PACKAGE "full-package-name"
| #define VERSION "VERSION"
| #define HAVE_BLITZ 1
| #define HAVE_TVMET 1
| /* end confdefs.h.  */
| #include <ac_nonexistent.h>
configure:4534: result: gcc -E
configure:4563: gcc -E  conftest.c
configure:4570: $? = 0
configure:4601: gcc -E  conftest.c
conftest.c:12:28: error: ac_nonexistent.h: No such file or directory
configure:4608: $? = 1
configure: failed program was:
| /* confdefs.h.  */
| #define PACKAGE_NAME "FULL-PACKAGE-NAME"
| #define PACKAGE_TARNAME "full-package-name"
| #define PACKAGE_VERSION "VERSION"
| #define PACKAGE_STRING "FULL-PACKAGE-NAME VERSION"
| #define PACKAGE_BUGREPORT "BUG-REPORT-ADDRESS"
| #define PACKAGE "full-package-name"
| #define VERSION "VERSION"
| #define HAVE_BLITZ 1
| #define HAVE_TVMET 1
| /* end confdefs.h.  */
| #include <ac_nonexistent.h>
configure:4648: checking for grep that handles long lines and -e
configure:4708: result: /usr/bin/grep
configure:4713: checking for egrep
configure:4777: result: /usr/bin/grep -E
configure:4782: checking for ANSI C header files
configure:4812: gcc -c -g -O2  conftest.c >&5
configure:4819: $? = 0
configure:4918: gcc -o conftest -g -O2   conftest.c  >&5
configure:4922: $? = 0
configure:4928: ./conftest
configure:4932: $? = 0
configure:4950: result: yes
configure:4962: checking for an ANSI C-conforming const
configure:5037: gcc -c -g -O2  conftest.c >&5
configure:5044: $? = 0
configure:5059: result: yes
configure:5069: checking for inline
configure:5095: gcc -c -g -O2  conftest.c >&5
configure:5102: $? = 0
configure:5120: result: inline
configure:5306: creating ./config.status

## ---------------------- ##
## Running config.status. ##
## ---------------------- ##

This file was extended by FULL-PACKAGE-NAME config.status VERSION, which was
generated by GNU Autoconf 2.63.  Invocation command line was

  CONFIG_FILES    = 
  CONFIG_HEADERS  = 
  CONFIG_LINKS    = 
  CONFIG_COMMANDS = 
  $ ./config.status 

on Andrew-Missels-MacBook-Pro.local

config.status:701: creating Makefile
config.status:906: executing depfiles commands

## ---------------- ##
## Cache variables. ##
## ---------------- ##

ac_cv_c_compiler_gnu=yes
ac_cv_c_const=yes
ac_cv_c_inline=inline
ac_cv_cxx_compiler_gnu=yes
ac_cv_env_CCC_set=
ac_cv_env_CCC_value=
ac_cv_env_CC_set=
ac_cv_env_CC_value=
ac_cv_env_CFLAGS_set=
ac_cv_env_CFLAGS_value=
ac_cv_env_CPPFLAGS_set=
ac_cv_env_CPPFLAGS_value=
ac_cv_env_CPP_set=
ac_cv_env_CPP_value=
ac_cv_env_CXXFLAGS_set=
ac_cv_env_CXXFLAGS_value=
ac_cv_env_CXX_set=
ac_cv_env_CXX_value=
ac_cv_env_F77_set=
ac_cv_env_F77_value=
ac_cv_env_FFLAGS_set=
ac_cv_env_FFLAGS_value=
ac_cv_env_LDFLAGS_set=
ac_cv_env_LDFLAGS_value=
ac_cv_env_LIBS_set=
ac_cv_env_LIBS_value=
ac_cv_env_build_alias_set=
ac_cv_env_build_alias_value=
ac_cv_env_host_alias_set=
ac_cv_env_host_alias_value=
ac_cv_env_target_alias_set=
ac_cv_env_target_alias_value=
ac_cv_f77_compiler_gnu=yes
ac_cv_header_stdc=yes
ac_cv_objext=o
ac_cv_path_EGREP='/usr/bin/grep -E'
ac_cv_path_GREP=/usr/bin/grep
ac_cv_path_INTLTOOL_PERL=/usr/bin/perl
ac_cv_path_install='/usr/bin/install -c'
ac_cv_prog_AWK=gawk
ac_cv_prog_CPP='gcc -E'
ac_cv_prog_ac_ct_CC=gcc
ac_cv_prog_ac_ct_CXX=g++
ac_cv_prog_ac_ct_F77=gfortran
ac_cv_prog_ac_ct_RANLIB=ranlib
ac_cv_prog_cc_c89=
ac_cv_prog_cc_g=yes
ac_cv_prog_cxx_g=yes
ac_cv_prog_f77_g=yes
ac_cv_prog_make_make_set=yes
am_cv_CC_dependencies_compiler_type=gcc3
am_cv_CXX_dependencies_compiler_type=gcc3

## ----------------- ##
## Output variables. ##
## ----------------- ##

ACLOCAL='${SHELL} /Users/armissel/Simulations/ActinNetwork/voom_motors/src/Applications/Semiflexible/missing --run aclocal-1.9'
AMDEPBACKSLASH='\'
AMDEP_FALSE='#'
AMDEP_TRUE=''
AMTAR='${SHELL} /Users/armissel/Simulations/ActinNetwork/voom_motors/src/Applications/Semiflexible/missing --run tar'
AUTOCONF='${SHELL} /Users/armissel/Simulations/ActinNetwork/voom_motors/src/Applications/Semiflexible/missing --run autoconf'
AUTOHEADER='${SHELL} /Users/armissel/Simulations/ActinNetwork/voom_motors/src/Applications/Semiflexible/missing --run autoheader'
AUTOMAKE='${SHELL} /Users/armissel/Simulations/ActinNetwork/voom_motors/src/Applications/Semiflexible/missing --run automake-1.9'
AWK='gawk'
CC='gcc'
CCDEPMODE='depmode=gcc3'
CFLAGS='-g -O2'
CPP='gcc -E'
CPPFLAGS=''
CXX='g++'
CXXDEPMODE='depmode=gcc3'
CXXFLAGS='-g -O2'
CYGPATH_W='echo'
DEFS='-DPACKAGE_NAME=\"FULL-PACKAGE-NAME\" -DPACKAGE_TARNAME=\"full-package-name\" -DPACKAGE_VERSION=\"VERSION\" -DPACKAGE_STRING=\"FULL-PACKAGE-NAME\ VERSION\" -DPACKAGE_BUGREPORT=\"BUG-REPORT-ADDRESS\" -DPACKAGE=\"full-package-name\" -DVERSION=\"VERSION\" -DHAVE_BLITZ=1 -DHAVE_TVMET=1 -DSTDC_HEADERS=1'
DEPDIR='.deps'
ECHO_C='\c'
ECHO_N=''
ECHO_T=''
EGREP='/usr/bin/grep -E'
EXEEXT=''
F77='gfortran'
FFLAGS='-g -O2'
GREP='/usr/bin/grep'
INSTALL_DATA='${INSTALL} -m 644'
INSTALL_PROGRAM='${INSTALL}'
INSTALL_SCRIPT='${INSTALL}'
INSTALL_STRIP_PROGRAM='${SHELL} $(install_sh) -c -s'
LDFLAGS=''
LIBOBJS=''
LIBS=''
LTLIBOBJS=''
MAKEINFO='${SHELL} /Users/armissel/Simulations/ActinNetwork/voom_motors/src/Applications/Semiflexible/missing --run makeinfo'
OBJEXT='o'
PACKAGE='full-package-name'
PACKAGE_BUGREPORT='BUG-REPORT-ADDRESS'
PACKAGE_NAME='FULL-PACKAGE-NAME'
PACKAGE_STRING='FULL-PACKAGE-NAME VERSION'
PACKAGE_TARNAME='full-package-name'
PACKAGE_VERSION='VERSION'
PATH_SEPARATOR=':'
RANLIB='ranlib'
SET_MAKE=''
SHELL='/bin/sh'
STRIP=''
VERSION='VERSION'
ac_ct_CC='gcc'
ac_ct_CXX='g++'
ac_ct_F77='gfortran'
am__fastdepCC_FALSE='#'
am__fastdepCC_TRUE=''
am__fastdepCXX_FALSE='#'
am__fastdepCXX_TRUE=''
am__include='include'
am__leading_dot='.'
am__quote=''
am__tar='${AMTAR} chof - "$$tardir"'
am__untar='${AMTAR} xf -'
bindir='${exec_prefix}/bin'
blitz_includes='/home/software/blitz-gcc/include'
blitz_libraries='/home/software/blitz-gcc/lib'
build_alias=''
datadir='${datarootdir}'
datarootdir='${prefix}/share'
docdir='${datarootdir}/doc/${PACKAGE_TARNAME}'
dvidir='${docdir}'
exec_prefix='${prefix}'
host_alias=''
htmldir='${docdir}'
includedir='${prefix}/include'
infodir='${datarootdir}/info'
install_sh='/Users/armissel/Simulations/ActinNetwork/voom_motors/src/Applications/Semiflexible/install-sh'
libdir='${exec_prefix}/lib'
libexecdir='${exec_prefix}/libexec'
localedir='${datarootdir}/locale'
localstatedir='${prefix}/var'
mandir='${datarootdir}/man'
mkdir_p='$(install_sh) -d'
oldincludedir='/usr/include'
pdfdir='${docdir}'
prefix='/usr/local'
program_transform_name='s,x,x,'
psdir='${docdir}'
sbindir='${exec_prefix}/sbin'
sharedstatedir='${prefix}/com'
sysconfdir='${prefix}/etc'
target_alias=''
tvmet_includes='/home/software/tvmet-gcc/include'

## ----------- ##
## confdefs.h. ##
## ----------- ##

#define PACKAGE_NAME "FULL-PACKAGE-NAME"
#define PACKAGE_TARNAME "full-package-name"
#define PACKAGE_VERSION "VERSION"
#define PACKAGE_STRING "FULL-PACKAGE-NAME VERSION"
#define PACKAGE_BUGREPORT "BUG-REPORT-ADDRESS"
#define PACKAGE "full-package-name"
#define VERSION "VERSION"
#define HAVE_BLITZ 1
#define HAVE_TVMET 1
#define STDC_HEADERS 1

configure: exit 0
